Generating chains..
-----------------------------------------------
Base group stats
-----------------------------------------------
--- DGEBF ---
nbeads:  7
bIds type ahead atail aIds
1 GR False 1 [1, 44, 5, 2, 7, 4, 3, 47, 6, 9, 10]
2 GO False False [8]
3 GP False False [11, 12, 13, 17, 15, 18, 14, 16, 19, 20]
4 GM False False [21, 42, 43]
5 GP False False [22, 23, 24, 28, 26, 27, 29, 25, 31, 30]
6 GO False False [32]
7 GR 45 False [36, 35, 33, 46, 37, 34, 39, 40, 38, 45, 41]
head 7 GR
tail 1 GR
bond pairs
1 2  #  GR GO
2 3  #  GO GP
3 4  #  GP GM
4 5  #  GM GP
5 6  #  GP GO
6 7  #  GO GR


-----------------------------------------------
Local IDs of beads
-----------------------------------------------
type len LocalIds
GR 11 [1, 44, 5, 2, 7, 4, 3, 47, 6, 9, 10]
GO 1 [8]
GP 10 [11, 12, 13, 17, 15, 18, 14, 16, 19, 20]
GM 3 [21, 42, 43]
GP 10 [22, 23, 24, 28, 26, 27, 29, 25, 31, 30]
GO 1 [32]
GR 11 [36, 35, 33, 46, 37, 34, 39, 40, 38, 45, 41]

-----------------------------------------------
Generating global IDs & Network stats..
-----------------------------------------------
--- DGEBF ---
nbeads:  7
bIds type ahead atail aIds
1 GR False 1 [1, 44, 5, 2, 7, 4, 3, 47, 6, 9, 10]
2 GO False False [8]
3 GP False False [11, 12, 13, 17, 15, 18, 14, 16, 19, 20]
4 GM False False [21, 42, 43]
5 GP False False [22, 23, 24, 28, 26, 27, 29, 25, 31, 30]
6 GO False False [32]
7 GR 45 False [36, 35, 33, 46, 37, 34, 39, 40, 38, 45, 41]
head 7 GR
tail 1 GR
bond pairs
1 2  #  GR GO
2 3  #  GO GP
3 4  #  GP GM
4 5  #  GM GP
5 6  #  GP GO
6 7  #  GO GR

--- DGEBF ---
nbeads:  7
bIds type ahead atail aIds
8 GR False 48 [48, 91, 52, 49, 54, 51, 50, 94, 53, 56, 57]
9 GO False False [55]
10 GP False False [58, 59, 60, 64, 62, 65, 61, 63, 66, 67]
11 GM False False [68, 89, 90]
12 GP False False [69, 70, 71, 75, 73, 74, 76, 72, 78, 77]
13 GO False False [79]
14 GR 92 False [83, 82, 80, 93, 84, 81, 86, 87, 85, 92, 88]
head 14 GR
tail 8 GR
bond pairs
8 9  #  GR GO
9 10  #  GO GP
10 11  #  GP GM
11 12  #  GM GP
12 13  #  GP GO
13 14  #  GO GR

--- DGEBF ---
nbeads:  7
bIds type ahead atail aIds
15 GR False 95 [95, 138, 99, 96, 101, 98, 97, 141, 100, 103, 104]
16 GO False False [102]
17 GP False False [105, 106, 107, 111, 109, 112, 108, 110, 113, 114]
18 GM False False [115, 136, 137]
19 GP False False [116, 117, 118, 122, 120, 121, 123, 119, 125, 124]
20 GO False False [126]
21 GR 139 False [130, 129, 127, 140, 131, 128, 133, 134, 132, 139, 135]
head 21 GR
tail 15 GR
bond pairs
15 16  #  GR GO
16 17  #  GO GP
17 18  #  GP GM
18 19  #  GM GP
19 20  #  GP GO
20 21  #  GO GR

--- DGEBF ---
nbeads:  7
bIds type ahead atail aIds
22 GR False 142 [142, 185, 146, 143, 148, 145, 144, 188, 147, 150, 151]
23 GO False False [149]
24 GP False False [152, 153, 154, 158, 156, 159, 155, 157, 160, 161]
25 GM False False [162, 183, 184]
26 GP False False [163, 164, 165, 169, 167, 168, 170, 166, 172, 171]
27 GO False False [173]
28 GR 186 False [177, 176, 174, 187, 178, 175, 180, 181, 179, 186, 182]
head 28 GR
tail 22 GR
bond pairs
22 23  #  GR GO
23 24  #  GO GP
24 25  #  GP GM
25 26  #  GM GP
26 27  #  GP GO
27 28  #  GO GR

--- DGEBF ---
nbeads:  7
bIds type ahead atail aIds
29 GR False 189 [189, 232, 193, 190, 195, 192, 191, 235, 194, 197, 198]
30 GO False False [196]
31 GP False False [199, 200, 201, 205, 203, 206, 202, 204, 207, 208]
32 GM False False [209, 230, 231]
33 GP False False [210, 211, 212, 216, 214, 215, 217, 213, 219, 218]
34 GO False False [220]
35 GR 233 False [224, 223, 221, 234, 225, 222, 227, 228, 226, 233, 229]
head 35 GR
tail 29 GR
bond pairs
29 30  #  GR GO
30 31  #  GO GP
31 32  #  GP GM
32 33  #  GM GP
33 34  #  GP GO
34 35  #  GO GR

--- DGEBF ---
nbeads:  7
bIds type ahead atail aIds
36 GR False 236 [236, 279, 240, 237, 242, 239, 238, 282, 241, 244, 245]
37 GO False False [243]
38 GP False False [246, 247, 248, 252, 250, 253, 249, 251, 254, 255]
39 GM False False [256, 277, 278]
40 GP False False [257, 258, 259, 263, 261, 262, 264, 260, 266, 265]
41 GO False False [267]
42 GR 280 False [271, 270, 268, 281, 272, 269, 274, 275, 273, 280, 276]
head 42 GR
tail 36 GR
bond pairs
36 37  #  GR GO
37 38  #  GO GP
38 39  #  GP GM
39 40  #  GM GP
40 41  #  GP GO
41 42  #  GO GR

--- DGEBF ---
nbeads:  7
bIds type ahead atail aIds
43 GR False 283 [283, 326, 287, 284, 289, 286, 285, 329, 288, 291, 292]
44 GO False False [290]
45 GP False False [293, 294, 295, 299, 297, 300, 296, 298, 301, 302]
46 GM False False [303, 324, 325]
47 GP False False [304, 305, 306, 310, 308, 309, 311, 307, 313, 312]
48 GO False False [314]
49 GR 327 False [318, 317, 315, 328, 319, 316, 321, 322, 320, 327, 323]
head 49 GR
tail 43 GR
bond pairs
43 44  #  GR GO
44 45  #  GO GP
45 46  #  GP GM
46 47  #  GM GP
47 48  #  GP GO
48 49  #  GO GR

--- DGEBF ---
nbeads:  7
bIds type ahead atail aIds
50 GR False 330 [330, 373, 334, 331, 336, 333, 332, 376, 335, 338, 339]
51 GO False False [337]
52 GP False False [340, 341, 342, 346, 344, 347, 343, 345, 348, 349]
53 GM False False [350, 371, 372]
54 GP False False [351, 352, 353, 357, 355, 356, 358, 354, 360, 359]
55 GO False False [361]
56 GR 374 False [365, 364, 362, 375, 366, 363, 368, 369, 367, 374, 370]
head 56 GR
tail 50 GR
bond pairs
50 51  #  GR GO
51 52  #  GO GP
52 53  #  GP GM
53 54  #  GM GP
54 55  #  GP GO
55 56  #  GO GR

--- DGEBF ---
nbeads:  7
bIds type ahead atail aIds
57 GR False 377 [377, 420, 381, 378, 383, 380, 379, 423, 382, 385, 386]
58 GO False False [384]
59 GP False False [387, 388, 389, 393, 391, 394, 390, 392, 395, 396]
60 GM False False [397, 418, 419]
61 GP False False [398, 399, 400, 404, 402, 403, 405, 401, 407, 406]
62 GO False False [408]
63 GR 421 False [412, 411, 409, 422, 413, 410, 415, 416, 414, 421, 417]
head 63 GR
tail 57 GR
bond pairs
57 58  #  GR GO
58 59  #  GO GP
59 60  #  GP GM
60 61  #  GM GP
61 62  #  GP GO
62 63  #  GO GR

--- DGEBF ---
nbeads:  7
bIds type ahead atail aIds
64 GR False 424 [424, 467, 428, 425, 430, 427, 426, 470, 429, 432, 433]
65 GO False False [431]
66 GP False False [434, 435, 436, 440, 438, 441, 437, 439, 442, 443]
67 GM False False [444, 465, 466]
68 GP False False [445, 446, 447, 451, 449, 450, 452, 448, 454, 453]
69 GO False False [455]
70 GR 468 False [459, 458, 456, 469, 460, 457, 462, 463, 461, 468, 464]
head 70 GR
tail 64 GR
bond pairs
64 65  #  GR GO
65 66  #  GO GP
66 67  #  GP GM
67 68  #  GM GP
68 69  #  GP GO
69 70  #  GO GR

--- DGEBF ---
nbeads:  7
bIds type ahead atail aIds
71 GR False 471 [471, 514, 475, 472, 477, 474, 473, 517, 476, 479, 480]
72 GO False False [478]
73 GP False False [481, 482, 483, 487, 485, 488, 484, 486, 489, 490]
74 GM False False [491, 512, 513]
75 GP False False [492, 493, 494, 498, 496, 497, 499, 495, 501, 500]
76 GO False False [502]
77 GR 515 False [506, 505, 503, 516, 507, 504, 509, 510, 508, 515, 511]
head 77 GR
tail 71 GR
bond pairs
71 72  #  GR GO
72 73  #  GO GP
73 74  #  GP GM
74 75  #  GM GP
75 76  #  GP GO
76 77  #  GO GR

--- DGEBF ---
nbeads:  7
bIds type ahead atail aIds
78 GR False 518 [518, 561, 522, 519, 524, 521, 520, 564, 523, 526, 527]
79 GO False False [525]
80 GP False False [528, 529, 530, 534, 532, 535, 531, 533, 536, 537]
81 GM False False [538, 559, 560]
82 GP False False [539, 540, 541, 545, 543, 544, 546, 542, 548, 547]
83 GO False False [549]
84 GR 562 False [553, 552, 550, 563, 554, 551, 556, 557, 555, 562, 558]
head 84 GR
tail 78 GR
bond pairs
78 79  #  GR GO
79 80  #  GO GP
80 81  #  GP GM
81 82  #  GM GP
82 83  #  GP GO
83 84  #  GO GR

--- DGEBF ---
nbeads:  7
bIds type ahead atail aIds
85 GR False 565 [565, 608, 569, 566, 571, 568, 567, 611, 570, 573, 574]
86 GO False False [572]
87 GP False False [575, 576, 577, 581, 579, 582, 578, 580, 583, 584]
88 GM False False [585, 606, 607]
89 GP False False [586, 587, 588, 592, 590, 591, 593, 589, 595, 594]
90 GO False False [596]
91 GR 609 False [600, 599, 597, 610, 601, 598, 603, 604, 602, 609, 605]
head 91 GR
tail 85 GR
bond pairs
85 86  #  GR GO
86 87  #  GO GP
87 88  #  GP GM
88 89  #  GM GP
89 90  #  GP GO
90 91  #  GO GR

--- DGEBF ---
nbeads:  7
bIds type ahead atail aIds
92 GR False 612 [612, 655, 616, 613, 618, 615, 614, 658, 617, 620, 621]
93 GO False False [619]
94 GP False False [622, 623, 624, 628, 626, 629, 625, 627, 630, 631]
95 GM False False [632, 653, 654]
96 GP False False [633, 634, 635, 639, 637, 638, 640, 636, 642, 641]
97 GO False False [643]
98 GR 656 False [647, 646, 644, 657, 648, 645, 650, 651, 649, 656, 652]
head 98 GR
tail 92 GR
bond pairs
92 93  #  GR GO
93 94  #  GO GP
94 95  #  GP GM
95 96  #  GM GP
96 97  #  GP GO
97 98  #  GO GR

--- DGEBF ---
nbeads:  7
bIds type ahead atail aIds
99 GR False 659 [659, 702, 663, 660, 665, 662, 661, 705, 664, 667, 668]
100 GO False False [666]
101 GP False False [669, 670, 671, 675, 673, 676, 672, 674, 677, 678]
102 GM False False [679, 700, 701]
103 GP False False [680, 681, 682, 686, 684, 685, 687, 683, 689, 688]
104 GO False False [690]
105 GR 703 False [694, 693, 691, 704, 695, 692, 697, 698, 696, 703, 699]
head 105 GR
tail 99 GR
bond pairs
99 100  #  GR GO
100 101  #  GO GP
101 102  #  GP GM
102 103  #  GM GP
103 104  #  GP GO
104 105  #  GO GR

--- DGEBF ---
nbeads:  7
bIds type ahead atail aIds
106 GR False 706 [706, 749, 710, 707, 712, 709, 708, 752, 711, 714, 715]
107 GO False False [713]
108 GP False False [716, 717, 718, 722, 720, 723, 719, 721, 724, 725]
109 GM False False [726, 747, 748]
110 GP False False [727, 728, 729, 733, 731, 732, 734, 730, 736, 735]
111 GO False False [737]
112 GR 750 False [741, 740, 738, 751, 742, 739, 744, 745, 743, 750, 746]
head 112 GR
tail 106 GR
bond pairs
106 107  #  GR GO
107 108  #  GO GP
108 109  #  GP GM
109 110  #  GM GP
110 111  #  GP GO
111 112  #  GO GR

--- DGEBF ---
nbeads:  7
bIds type ahead atail aIds
113 GR False 753 [753, 796, 757, 754, 759, 756, 755, 799, 758, 761, 762]
114 GO False False [760]
115 GP False False [763, 764, 765, 769, 767, 770, 766, 768, 771, 772]
116 GM False False [773, 794, 795]
117 GP False False [774, 775, 776, 780, 778, 779, 781, 777, 783, 782]
118 GO False False [784]
119 GR 797 False [788, 787, 785, 798, 789, 786, 791, 792, 790, 797, 793]
head 119 GR
tail 113 GR
bond pairs
113 114  #  GR GO
114 115  #  GO GP
115 116  #  GP GM
116 117  #  GM GP
117 118  #  GP GO
118 119  #  GO GR

--- DGEBF ---
nbeads:  7
bIds type ahead atail aIds
120 GR False 800 [800, 843, 804, 801, 806, 803, 802, 846, 805, 808, 809]
121 GO False False [807]
122 GP False False [810, 811, 812, 816, 814, 817, 813, 815, 818, 819]
123 GM False False [820, 841, 842]
124 GP False False [821, 822, 823, 827, 825, 826, 828, 824, 830, 829]
125 GO False False [831]
126 GR 844 False [835, 834, 832, 845, 836, 833, 838, 839, 837, 844, 840]
head 126 GR
tail 120 GR
bond pairs
120 121  #  GR GO
121 122  #  GO GP
122 123  #  GP GM
123 124  #  GM GP
124 125  #  GP GO
125 126  #  GO GR

--- DGEBF ---
nbeads:  7
bIds type ahead atail aIds
127 GR False 847 [847, 890, 851, 848, 853, 850, 849, 893, 852, 855, 856]
128 GO False False [854]
129 GP False False [857, 858, 859, 863, 861, 864, 860, 862, 865, 866]
130 GM False False [867, 888, 889]
131 GP False False [868, 869, 870, 874, 872, 873, 875, 871, 877, 876]
132 GO False False [878]
133 GR 891 False [882, 881, 879, 892, 883, 880, 885, 886, 884, 891, 887]
head 133 GR
tail 127 GR
bond pairs
127 128  #  GR GO
128 129  #  GO GP
129 130  #  GP GM
130 131  #  GM GP
131 132  #  GP GO
132 133  #  GO GR

--- DGEBF ---
nbeads:  7
bIds type ahead atail aIds
134 GR False 894 [894, 937, 898, 895, 900, 897, 896, 940, 899, 902, 903]
135 GO False False [901]
136 GP False False [904, 905, 906, 910, 908, 911, 907, 909, 912, 913]
137 GM False False [914, 935, 936]
138 GP False False [915, 916, 917, 921, 919, 920, 922, 918, 924, 923]
139 GO False False [925]
140 GR 938 False [929, 928, 926, 939, 930, 927, 932, 933, 931, 938, 934]
head 140 GR
tail 134 GR
bond pairs
134 135  #  GR GO
135 136  #  GO GP
136 137  #  GP GM
137 138  #  GM GP
138 139  #  GP GO
139 140  #  GO GR

--- DGEBF ---
nbeads:  7
bIds type ahead atail aIds
141 GR False 941 [941, 984, 945, 942, 947, 944, 943, 987, 946, 949, 950]
142 GO False False [948]
143 GP False False [951, 952, 953, 957, 955, 958, 954, 956, 959, 960]
144 GM False False [961, 982, 983]
145 GP False False [962, 963, 964, 968, 966, 967, 969, 965, 971, 970]
146 GO False False [972]
147 GR 985 False [976, 975, 973, 986, 977, 974, 979, 980, 978, 985, 981]
head 147 GR
tail 141 GR
bond pairs
141 142  #  GR GO
142 143  #  GO GP
143 144  #  GP GM
144 145  #  GM GP
145 146  #  GP GO
146 147  #  GO GR

--- DGEBF ---
nbeads:  7
bIds type ahead atail aIds
148 GR False 988 [988, 1031, 992, 989, 994, 991, 990, 1034, 993, 996, 997]
149 GO False False [995]
150 GP False False [998, 999, 1000, 1004, 1002, 1005, 1001, 1003, 1006, 1007]
151 GM False False [1008, 1029, 1030]
152 GP False False [1009, 1010, 1011, 1015, 1013, 1014, 1016, 1012, 1018, 1017]
153 GO False False [1019]
154 GR 1032 False [1023, 1022, 1020, 1033, 1024, 1021, 1026, 1027, 1025, 1032, 1028]
head 154 GR
tail 148 GR
bond pairs
148 149  #  GR GO
149 150  #  GO GP
150 151  #  GP GM
151 152  #  GM GP
152 153  #  GP GO
153 154  #  GO GR

--- DGEBF ---
nbeads:  7
bIds type ahead atail aIds
155 GR False 1035 [1035, 1078, 1039, 1036, 1041, 1038, 1037, 1081, 1040, 1043, 1044]
156 GO False False [1042]
157 GP False False [1045, 1046, 1047, 1051, 1049, 1052, 1048, 1050, 1053, 1054]
158 GM False False [1055, 1076, 1077]
159 GP False False [1056, 1057, 1058, 1062, 1060, 1061, 1063, 1059, 1065, 1064]
160 GO False False [1066]
161 GR 1079 False [1070, 1069, 1067, 1080, 1071, 1068, 1073, 1074, 1072, 1079, 1075]
head 161 GR
tail 155 GR
bond pairs
155 156  #  GR GO
156 157  #  GO GP
157 158  #  GP GM
158 159  #  GM GP
159 160  #  GP GO
160 161  #  GO GR

--- DGEBF ---
nbeads:  7
bIds type ahead atail aIds
162 GR False 1082 [1082, 1125, 1086, 1083, 1088, 1085, 1084, 1128, 1087, 1090, 1091]
163 GO False False [1089]
164 GP False False [1092, 1093, 1094, 1098, 1096, 1099, 1095, 1097, 1100, 1101]
165 GM False False [1102, 1123, 1124]
166 GP False False [1103, 1104, 1105, 1109, 1107, 1108, 1110, 1106, 1112, 1111]
167 GO False False [1113]
168 GR 1126 False [1117, 1116, 1114, 1127, 1118, 1115, 1120, 1121, 1119, 1126, 1122]
head 168 GR
tail 162 GR
bond pairs
162 163  #  GR GO
163 164  #  GO GP
164 165  #  GP GM
165 166  #  GM GP
166 167  #  GP GO
167 168  #  GO GR

--- DGEBF ---
nbeads:  7
bIds type ahead atail aIds
169 GR False 1129 [1129, 1172, 1133, 1130, 1135, 1132, 1131, 1175, 1134, 1137, 1138]
170 GO False False [1136]
171 GP False False [1139, 1140, 1141, 1145, 1143, 1146, 1142, 1144, 1147, 1148]
172 GM False False [1149, 1170, 1171]
173 GP False False [1150, 1151, 1152, 1156, 1154, 1155, 1157, 1153, 1159, 1158]
174 GO False False [1160]
175 GR 1173 False [1164, 1163, 1161, 1174, 1165, 1162, 1167, 1168, 1166, 1173, 1169]
head 175 GR
tail 169 GR
bond pairs
169 170  #  GR GO
170 171  #  GO GP
171 172  #  GP GM
172 173  #  GM GP
173 174  #  GP GO
174 175  #  GO GR

--- DGEBF ---
nbeads:  7
bIds type ahead atail aIds
176 GR False 1176 [1176, 1219, 1180, 1177, 1182, 1179, 1178, 1222, 1181, 1184, 1185]
177 GO False False [1183]
178 GP False False [1186, 1187, 1188, 1192, 1190, 1193, 1189, 1191, 1194, 1195]
179 GM False False [1196, 1217, 1218]
180 GP False False [1197, 1198, 1199, 1203, 1201, 1202, 1204, 1200, 1206, 1205]
181 GO False False [1207]
182 GR 1220 False [1211, 1210, 1208, 1221, 1212, 1209, 1214, 1215, 1213, 1220, 1216]
head 182 GR
tail 176 GR
bond pairs
176 177  #  GR GO
177 178  #  GO GP
178 179  #  GP GM
179 180  #  GM GP
180 181  #  GP GO
181 182  #  GO GR

--- DGEBF ---
nbeads:  7
bIds type ahead atail aIds
183 GR False 1223 [1223, 1266, 1227, 1224, 1229, 1226, 1225, 1269, 1228, 1231, 1232]
184 GO False False [1230]
185 GP False False [1233, 1234, 1235, 1239, 1237, 1240, 1236, 1238, 1241, 1242]
186 GM False False [1243, 1264, 1265]
187 GP False False [1244, 1245, 1246, 1250, 1248, 1249, 1251, 1247, 1253, 1252]
188 GO False False [1254]
189 GR 1267 False [1258, 1257, 1255, 1268, 1259, 1256, 1261, 1262, 1260, 1267, 1263]
head 189 GR
tail 183 GR
bond pairs
183 184  #  GR GO
184 185  #  GO GP
185 186  #  GP GM
186 187  #  GM GP
187 188  #  GP GO
188 189  #  GO GR

--- DGEBF ---
nbeads:  7
bIds type ahead atail aIds
190 GR False 1270 [1270, 1313, 1274, 1271, 1276, 1273, 1272, 1316, 1275, 1278, 1279]
191 GO False False [1277]
192 GP False False [1280, 1281, 1282, 1286, 1284, 1287, 1283, 1285, 1288, 1289]
193 GM False False [1290, 1311, 1312]
194 GP False False [1291, 1292, 1293, 1297, 1295, 1296, 1298, 1294, 1300, 1299]
195 GO False False [1301]
196 GR 1314 False [1305, 1304, 1302, 1315, 1306, 1303, 1308, 1309, 1307, 1314, 1310]
head 196 GR
tail 190 GR
bond pairs
190 191  #  GR GO
191 192  #  GO GP
192 193  #  GP GM
193 194  #  GM GP
194 195  #  GP GO
195 196  #  GO GR

--- DGEBF ---
nbeads:  7
bIds type ahead atail aIds
197 GR False 1317 [1317, 1360, 1321, 1318, 1323, 1320, 1319, 1363, 1322, 1325, 1326]
198 GO False False [1324]
199 GP False False [1327, 1328, 1329, 1333, 1331, 1334, 1330, 1332, 1335, 1336]
200 GM False False [1337, 1358, 1359]
201 GP False False [1338, 1339, 1340, 1344, 1342, 1343, 1345, 1341, 1347, 1346]
202 GO False False [1348]
203 GR 1361 False [1352, 1351, 1349, 1362, 1353, 1350, 1355, 1356, 1354, 1361, 1357]
head 203 GR
tail 197 GR
bond pairs
197 198  #  GR GO
198 199  #  GO GP
199 200  #  GP GM
200 201  #  GM GP
201 202  #  GP GO
202 203  #  GO GR

--- DGEBF ---
nbeads:  7
bIds type ahead atail aIds
204 GR False 1364 [1364, 1407, 1368, 1365, 1370, 1367, 1366, 1410, 1369, 1372, 1373]
205 GO False False [1371]
206 GP False False [1374, 1375, 1376, 1380, 1378, 1381, 1377, 1379, 1382, 1383]
207 GM False False [1384, 1405, 1406]
208 GP False False [1385, 1386, 1387, 1391, 1389, 1390, 1392, 1388, 1394, 1393]
209 GO False False [1395]
210 GR 1408 False [1399, 1398, 1396, 1409, 1400, 1397, 1402, 1403, 1401, 1408, 1404]
head 210 GR
tail 204 GR
bond pairs
204 205  #  GR GO
205 206  #  GO GP
206 207  #  GP GM
207 208  #  GM GP
208 209  #  GP GO
209 210  #  GO GR

-----------------------------------------------
Generating bonds between beads
-----------------------------------------------
-----------------------------------------------
Generating angles between subsequent beads
-----------------------------------------------
-----------------------------------------------
Generating coarse grained LAMMPS DATA FILE
-----------------------------------------------

Parsing lammps data file:  dgebf_a30_mod.data

Reading Masses section..
    1 1.0
    2 1.0
    3 1.0
    4 1.0
    5 1.0
    6 1.0
Reading atoms section..

Coarse graining atomistic trajectories..
Assigning mass to beads..
-----------------------------------------------
Generating the new lammps datafile with name o.cg.dat..
-----------------------------------------------
-----------------------------------------------
Generating the new lammps dump with name o.cg.lammpstrj..
-----------------------------------------------
